Started HTTP and WebSocket JSON-RPC server at http://127.0.0.1:8545/

Accounts
========

WARNING: Funds sent on live network to accounts with publicly known private keys WILL BE LOST.

Account #0:  0xf39fd6e51aad88f6f4ce6ab8827279cfffb92266 (10000 ETH)
Private Key: 0xac0974bec39a17e36ba4a6b4d238ff944bacb478cbed5efcae784d7bf4f2ff80

Account #1:  0x70997970c51812dc3a010c7d01b50e0d17dc79c8 (10000 ETH)
Private Key: 0x59c6995e998f97a5a0044966f0945389dc9e86dae88c7a8412f4603b6b78690d

Account #2:  0x3c44cdddb6a900fa2b585dd299e03d12fa4293bc (10000 ETH)
Private Key: 0x5de4111afa1a4b94908f83103eb1f1706367c2e68ca870fc3fb9a804cdab365a

Account #3:  0x90f79bf6eb2c4f870365e785982e1f101e93b906 (10000 ETH)
Private Key: 0x7c852118294e51e653712a81e05800f419141751be58f605c371e15141b007a6

Account #4:  0x15d34aaf54267db7d7c367839aaf71a00a2c6a65 (10000 ETH)
Private Key: 0x47e179ec197488593b187f80a00eb0da91f1b9d0b13f8733639f19c30a34926a

Account #5:  0x9965507d1a55bcc2695c58ba16fb37d819b0a4dc (10000 ETH)
Private Key: 0x8b3a350cf5c34c9194ca85829a2df0ec3153be0318b5e2d3348e872092edffba

Account #6:  0x976ea74026e726554db657fa54763abd0c3a0aa9 (10000 ETH)
Private Key: 0x92db14e403b83dfe3df233f83dfa3a0d7096f21ca9b0d6d6b8d88b2b4ec1564e

Account #7:  0x14dc79964da2c08b23698b3d3cc7ca32193d9955 (10000 ETH)
Private Key: 0x4bbbf85ce3377467afe5d46f804f221813b2bb87f24d81f60f1fcdbf7cbf4356

Account #8:  0x23618e81e3f5cdf7f54c3d65f7fbc0abf5b21e8f (10000 ETH)
Private Key: 0xdbda1821b80551c9d65939329250298aa3472ba22feea921c0cf5d620ea67b97

Account #9:  0xa0ee7a142d267c1f36714e4a8f75612f20a79720 (10000 ETH)
Private Key: 0x2a871d0798f97d79848a013d4936a73bf4cc922c825d33c1cf7073dff6d409c6

Account #10: 0xbcd4042de499d14e55001ccbb24a551f3b954096 (10000 ETH)
Private Key: 0xf214f2b2cd398c806f84e317254e0f0b801d0643303237d97a22a48e01628897

Account #11: 0x71be63f3384f5fb98995898a86b02fb2426c5788 (10000 ETH)
Private Key: 0x701b615bbdfb9de65240bc28bd21bbc0d996645a3dd57e7b12bc2bdf6f192c82

Account #12: 0xfabb0ac9d68b0b445fb7357272ff202c5651694a (10000 ETH)
Private Key: 0xa267530f49f8280200edf313ee7af6b827f2a8bce2897751d06a843f644967b1

Account #13: 0x1cbd3b2770909d4e10f157cabc84c7264073c9ec (10000 ETH)
Private Key: 0x47c99abed3324a2707c28affff1267e45918ec8c3f20b8aa892e8b065d2942dd

Account #14: 0xdf3e18d64bc6a983f673ab319ccae4f1a57c7097 (10000 ETH)
Private Key: 0xc526ee95bf44d8fc405a158bb884d9d1238d99f0612e9f33d006bb0789009aaa

Account #15: 0xcd3b766ccdd6ae721141f452c550ca635964ce71 (10000 ETH)
Private Key: 0x8166f546bab6da521a8369cab06c5d2b9e46670292d85c875ee9ec20e84ffb61

Account #16: 0x2546bcd3c84621e976d8185a91a922ae77ecec30 (10000 ETH)
Private Key: 0xea6c44ac03bff858b476bba40716402b03e41b8e97e276d1baec7c37d42484a0

Account #17: 0xbda5747bfd65f08deb54cb465eb87d40e51b197e (10000 ETH)
Private Key: 0x689af8efa8c651a91ad287602527f3af2fe9f6501a7ac4b061667b5a93e037fd

Account #18: 0xdd2fd4581271e230360230f9337d5c0430bf44c0 (10000 ETH)
Private Key: 0xde9be858da4a475276426320d5e9262ecfc3ba460bfac56360bfa6c4c28b4ee0

Account #19: 0x8626f6940e2eb28930efb4cef49b2d1f2c9c1199 (10000 ETH)
Private Key: 0xdf57089febbacf7ba0bc227dafbffa9fc08a93fdc68e1e42411a14efcf23656e

WARNING: Funds sent on live network to accounts with publicly known private keys WILL BE LOST.

[32meth_chainId[0m
[32mhardhat_metadata[0m
[32meth_accounts[0m
[32meth_chainId[0m
[32meth_getBlockByNumber[0m
[32meth_feeHistory[0m
[32meth_maxPriorityFeePerGas[0m
[32meth_estimateGas[0m
[32meth_sendTransaction[0m
  Contract deployment: MockPYUSD
  Contract address:    0x5fbdb2315678afecb367f032d93f642f64180aa3
  Transaction:         0x536999e39131b52f73d3dc25c29085f39b33b45b481074867bb8f526b85b9958
  From:                0xf39fd6e51aad88f6f4ce6ab8827279cfffb92266
  Value:               0 ETH
  Gas used:            1298051 of 1298051
  Block #1:            0xd07709e8b047dabf4f0f72beb6a70915b1aacc8c974357107339bcbded837e9b

[32meth_getTransactionReceipt[0m
[32meth_chainId[0m
[32meth_feeHistory[0m
[32meth_estimateGas[0m
[32meth_sendTransaction[0m
  Contract deployment: MockETH
  Contract address:    0xe7f1725e7734ce288f8367e1bb143e90bb3f0512
  Transaction:         0xc5d247c236be8aef523ae39c6dc92f3a2627d52ca0d2c762d2ab22a1d139110b
  From:                0xf39fd6e51aad88f6f4ce6ab8827279cfffb92266
  Value:               0 ETH
  Gas used:            1495387 of 1495387
  Block #2:            0xbdc818a49d7634228bcc6a2838936cfea1827dec5343d402d7c5636142a019c4

[32meth_getTransactionReceipt[0m
[32meth_chainId[0m
[32meth_feeHistory[0m
[32meth_estimateGas[0m
[32meth_sendTransaction[0m
  Contract deployment: PyusdHandler
  Contract address:    0x9fe46736679d2d9a65f0992f2272de9f3c7fa6e0
  Transaction:         0xccd4cd24e568d22b965782d42ab17657e93dd7355fe4dab48d0bcd75d4b401c3
  From:                0xf39fd6e51aad88f6f4ce6ab8827279cfffb92266
  Value:               0 ETH
  Gas used:            1224641 of 1224641
  Block #3:            0xb13cad388d834dff0769b3f3e7dfe744a1205ee5272ef6b50e2c01709bdd88e7

[32meth_getTransactionReceipt[0m
[32meth_chainId[0m
[32meth_feeHistory[0m
[32meth_estimateGas[0m
[32meth_sendTransaction[0m
  Contract deployment: LiquidityPool
  Contract address:    0xcf7ed3acca5a467e9e704c703e8d87f634fb0fc9
  Transaction:         0x062e6c52a4ebf30d2addeba80fb786d1c4f1f8c879e14b2d6b9fcb4297e094a5
  From:                0xf39fd6e51aad88f6f4ce6ab8827279cfffb92266
  Value:               0 ETH
  Gas used:            1645729 of 1645729
  Block #4:            0xf0dca3ca966c2816ca55d17e4669b9dc743a32e08dc14412b33aa2f9a36e81cc

[32meth_getTransactionReceipt[0m
[32meth_chainId[0m
[32meth_feeHistory[0m
[32meth_estimateGas[0m
[32meth_sendTransaction[0m
  Contract deployment: ETHSimulator
  Contract address:    0xdc64a140aa3e981100a9beca4e685f962f0cf6c9
  Transaction:         0x56416a794910a2c11648299236396119e87779f161c7732983a24003599671b4
  From:                0xf39fd6e51aad88f6f4ce6ab8827279cfffb92266
  Value:               0 ETH
  Gas used:            1383801 of 1383801
  Block #5:            0x83bd5523db6338e2be7afd51f69bc3f7f58231d269d42c256d3f904efc9d1806

[32meth_getTransactionReceipt[0m
[32meth_chainId[0m
[32meth_feeHistory[0m
[32meth_estimateGas[0m
[32meth_sendTransaction[0m
  Contract call:       MockPYUSD#mint
  Transaction:         0x5b4f121babe4993cc77acbc903add53a3c7e7979040f6efa30223fbab52d4ebf
  From:                0xf39fd6e51aad88f6f4ce6ab8827279cfffb92266
  To:                  0x5fbdb2315678afecb367f032d93f642f64180aa3
  Value:               0 ETH
  Gas used:            68782 of 68782
  Block #6:            0xf49498f990fd952459a512018261aedfaa5a790783848f3c2ab5e9f5d52659f1

[32meth_chainId[0m
[32meth_feeHistory[0m
[32meth_estimateGas[0m
[32meth_sendTransaction[0m
  Contract call:       MockETH#addMinter
  Transaction:         0xec61b4feff992214dd543c0e15de3eb09e3e436fb461df4b92c2c6d37ed05dbf
  From:                0xf39fd6e51aad88f6f4ce6ab8827279cfffb92266
  To:                  0xe7f1725e7734ce288f8367e1bb143e90bb3f0512
  Value:               0 ETH
  Gas used:            46507 of 46507
  Block #7:            0x5aa0ce1964d6268e18d2f63d86c0c9ab6c75dc5222c81997a9056c478b48ec72

[32meth_chainId[0m
[32meth_feeHistory[0m
[32meth_estimateGas[0m
[32meth_sendTransaction[0m
  Contract call:       MockPYUSD#approve
  Transaction:         0xbb32e4f3b930b888e2369a1fd55642c9480b7d59f61227c13889751ea421fc0d
  From:                0xf39fd6e51aad88f6f4ce6ab8827279cfffb92266
  To:                  0x5fbdb2315678afecb367f032d93f642f64180aa3
  Value:               0 ETH
  Gas used:            46686 of 46686
  Block #8:            0x0ac5705790e98b404192f0fdac0fa09677c6a8804e50b790837eecb8efaf74b2

[32meth_chainId[0m
[32meth_feeHistory[0m
[32meth_estimateGas[0m
[32meth_sendTransaction[0m
  Contract call:       LiquidityPool#initializePool
  Transaction:         0x868f49a15e6f4a3e2549f07018db911dd115b03cf0861e5f69b2090ff5aa650c
  From:                0xf39fd6e51aad88f6f4ce6ab8827279cfffb92266
  To:                  0xcf7ed3acca5a467e9e704c703e8d87f634fb0fc9
  Value:               0 ETH
  Gas used:            105393 of 110333
  Block #9:            0x7723fa8af6ec05fae3ff194d1735089bf7cc251c6b4f50393eda242684e77520

[32meth_accounts[0m
[32meth_call[0m
  Contract call:       LiquidityPool#getCurrentPrice
  From:                0xf39fd6e51aad88f6f4ce6ab8827279cfffb92266
  To:                  0xcf7ed3acca5a467e9e704c703e8d87f634fb0fc9

[32meth_call[0m
  Contract call:       LiquidityPool#getCurrentPrice
  From:                0xf39fd6e51aad88f6f4ce6ab8827279cfffb92266
  To:                  0xcf7ed3acca5a467e9e704c703e8d87f634fb0fc9

[32meth_call[0m
  Contract call:       LiquidityPool#getPoolInfo
  From:                0xf39fd6e51aad88f6f4ce6ab8827279cfffb92266
  To:                  0xcf7ed3acca5a467e9e704c703e8d87f634fb0fc9

[32meth_call[0m
  Contract call:       LiquidityPool#calculateBuyAmount
  From:                0xf39fd6e51aad88f6f4ce6ab8827279cfffb92266
  To:                  0xcf7ed3acca5a467e9e704c703e8d87f634fb0fc9

[32meth_call[0m
  Contract call:       LiquidityPool#calculateSellAmount
  From:                0xf39fd6e51aad88f6f4ce6ab8827279cfffb92266
  To:                  0xcf7ed3acca5a467e9e704c703e8d87f634fb0fc9

[32meth_chainId[0m
[32mhardhat_metadata[0m
[32meth_accounts[0m
[32meth_chainId[0m
[32meth_getBlockByNumber[0m
[32meth_feeHistory[0m
[32meth_estimateGas[0m
[32meth_sendTransaction[0m
  Contract call:       MockPYUSD#mint
  Transaction:         0xd19fc838efdf1ba2239224c6020da122d71114f95417558fb1c2e8a02eae40ab
  From:                0xf39fd6e51aad88f6f4ce6ab8827279cfffb92266
  To:                  0x5fbdb2315678afecb367f032d93f642f64180aa3
  Value:               0 ETH
  Gas used:            51670 of 51670
  Block #10:           0x8513320b10a24fa5f0ac6937b92d1b898d1d768fc675cf38479d8fd1883a4e13

[32meth_chainId[0m
[32meth_feeHistory[0m
[32meth_estimateGas[0m
[32meth_sendTransaction[0m
  Contract call:       MockPYUSD#mint
  Transaction:         0x7b6fb4f584937f651ad457bd63763f39372c30901959b87c518e427f829dd007
  From:                0xf39fd6e51aad88f6f4ce6ab8827279cfffb92266
  To:                  0x5fbdb2315678afecb367f032d93f642f64180aa3
  Value:               0 ETH
  Gas used:            51658 of 51658
  Block #11:           0xa2d522e1f0b24294b3c1a655551c15e7322d1acab9934081d64dba6552dc61ee

[32meth_chainId[0m
[32meth_feeHistory[0m
[32meth_estimateGas[0m
[32meth_sendTransaction[0m
  Contract call:       MockPYUSD#mint
  Transaction:         0x1b90c3407e1a3e36b938f31b6a68339f5bab3e421747ed4011ac881c5fadd0c7
  From:                0xf39fd6e51aad88f6f4ce6ab8827279cfffb92266
  To:                  0x5fbdb2315678afecb367f032d93f642f64180aa3
  Value:               0 ETH
  Gas used:            51670 of 51670
  Block #12:           0xbcd651e2eca4160a349ee6b8b5bc91d4793042064e1d222b7d765afd4bc9ef94

[32meth_chainId[0m
[32meth_feeHistory[0m
[32meth_estimateGas[0m
[32meth_sendTransaction[0m
  Contract call:       MockPYUSD#mint
  Transaction:         0x645ff98affb9092a7c90d4afc8490999e720843bdabfd187d1413530034023dd
  From:                0xf39fd6e51aad88f6f4ce6ab8827279cfffb92266
  To:                  0x5fbdb2315678afecb367f032d93f642f64180aa3
  Value:               0 ETH
  Gas used:            51670 of 51670
  Block #13:           0x97d3d484880fabbb8cd2090a92047c91040e28dcb4049fd1c1fc4771d10aabfa

[32meth_chainId[0m
[32meth_feeHistory[0m
[32meth_estimateGas[0m
[32meth_sendTransaction[0m
  Contract call:       MockPYUSD#mint
  Transaction:         0xe236ffcb684494236c2c4f77ea0444443195a20f7b35b10e010459c166358ad4
  From:                0xf39fd6e51aad88f6f4ce6ab8827279cfffb92266
  To:                  0x5fbdb2315678afecb367f032d93f642f64180aa3
  Value:               0 ETH
  Gas used:            51670 of 51670
  Block #14:           0x99c922ab6bbdd4579c8437746ab95ee36b7ae544908810e3de53319da47f0a99

[32meth_chainId[0m
[32meth_feeHistory[0m
[32meth_estimateGas[0m
[32meth_sendTransaction[0m
  Contract call:       MockPYUSD#mint
  Transaction:         0x0fd49c5d52046d05a0d06e5258dfb3f55cde6c9441467305f93015e8cff0dd89
  From:                0xf39fd6e51aad88f6f4ce6ab8827279cfffb92266
  To:                  0x5fbdb2315678afecb367f032d93f642f64180aa3
  Value:               0 ETH
  Gas used:            51670 of 51670
  Block #15:           0x96116875eb0334432c43e5c838104d8535b26c929b64b9117e112b156aafde10

[32meth_chainId[0m
[32meth_feeHistory[0m
[32meth_estimateGas[0m
[32meth_sendTransaction[0m
  Contract call:       MockPYUSD#mint
  Transaction:         0x04a12ab70241da29218772d7863994172fd13294fffb9fb3bd399ef2b5c31f65
  From:                0xf39fd6e51aad88f6f4ce6ab8827279cfffb92266
  To:                  0x5fbdb2315678afecb367f032d93f642f64180aa3
  Value:               0 ETH
  Gas used:            51670 of 51670
  Block #16:           0x81226e31fcadbfd5eeec23cb8a0355b2c2c6ec6d237946f3271d652712544db3

[32meth_chainId[0m
[32meth_feeHistory[0m
[32meth_estimateGas[0m
[32meth_sendTransaction[0m
  Contract call:       MockPYUSD#mint
  Transaction:         0x1f700f64d2dd9ef9c9f4379453cfecddecc8bbe7262d91f801b3b5da578ea314
  From:                0xf39fd6e51aad88f6f4ce6ab8827279cfffb92266
  To:                  0x5fbdb2315678afecb367f032d93f642f64180aa3
  Value:               0 ETH
  Gas used:            51670 of 51670
  Block #17:           0xd2e09e366ce47948f9f76c1409529e3779b408a279c6be9606f74f28bb78b019

[32meth_chainId[0m
[32meth_feeHistory[0m
[32meth_estimateGas[0m
[32meth_sendTransaction[0m
  Contract call:       MockPYUSD#mint
  Transaction:         0x9f9de2ec7d02512a3fe26b9c5e29577564af86c2a421d31ee608d8e4f6b3a12f
  From:                0xf39fd6e51aad88f6f4ce6ab8827279cfffb92266
  To:                  0x5fbdb2315678afecb367f032d93f642f64180aa3
  Value:               0 ETH
  Gas used:            51670 of 51670
  Block #18:           0xd3c7e834694ab1fac29adf5a093bbc2cee03db8fb5b70f1d5a5bf2e1705f2821

[32meth_chainId[0m
[32meth_feeHistory[0m
[32meth_estimateGas[0m
[32meth_sendTransaction[0m
  Contract call:       MockPYUSD#mint
  Transaction:         0x83c740a58d1189b229032818b34ea9b43b2577c483ff224e80d01834f8ecc5aa
  From:                0xf39fd6e51aad88f6f4ce6ab8827279cfffb92266
  To:                  0x5fbdb2315678afecb367f032d93f642f64180aa3
  Value:               0 ETH
  Gas used:            51658 of 51658
  Block #19:           0xf940160160f2af7305582c3cf504115d4f1620bb0aae845b2b15230023311883

[32meth_chainId[0m
[32meth_feeHistory[0m
[32meth_estimateGas[0m
[32meth_sendTransaction[0m
  Contract call:       MockPYUSD#mint
  Transaction:         0xf5f84ff502f9926aef758073b2758857eb5842d06a9add278ea0b1550f9a77d7
  From:                0xf39fd6e51aad88f6f4ce6ab8827279cfffb92266
  To:                  0x5fbdb2315678afecb367f032d93f642f64180aa3
  Value:               0 ETH
  Gas used:            51670 of 51670
  Block #20:           0xdc741fa0328814f13be70f215d4952fc526d09326c5d113a294ff8e702772b45

[32meth_chainId[0m
[32meth_feeHistory[0m
[32meth_estimateGas[0m
[32meth_sendTransaction[0m
  Contract call:       MockPYUSD#mint
  Transaction:         0xd3327e1715625d08407a45c49123cb86182381ea156070f2b259354c1c5c8a55
  From:                0xf39fd6e51aad88f6f4ce6ab8827279cfffb92266
  To:                  0x5fbdb2315678afecb367f032d93f642f64180aa3
  Value:               0 ETH
  Gas used:            51670 of 51670
  Block #21:           0xcb3db8a32bb366945c389c832458fd0675933077e5136337d04bd92649c50407

[32meth_chainId[0m
[32meth_feeHistory[0m
[32meth_estimateGas[0m
[32meth_sendTransaction[0m
  Contract call:       MockPYUSD#mint
  Transaction:         0xe507d42278201e1dd3d7db75e89e3cbb24bf1ad820233c3a4a5baf69f4640ef8
  From:                0xf39fd6e51aad88f6f4ce6ab8827279cfffb92266
  To:                  0x5fbdb2315678afecb367f032d93f642f64180aa3
  Value:               0 ETH
  Gas used:            51670 of 51670
  Block #22:           0xabd0648c3d34f566fd120a515d7850ea7246fadba8149b2484e63cf0235c7206

[32meth_chainId[0m
[32meth_feeHistory[0m
[32meth_estimateGas[0m
[32meth_sendTransaction[0m
  Contract call:       MockPYUSD#mint
  Transaction:         0x446d6c14f0349c61f731a3f7a0cde6417d2e40e07125994126eb0cb81876fcbd
  From:                0xf39fd6e51aad88f6f4ce6ab8827279cfffb92266
  To:                  0x5fbdb2315678afecb367f032d93f642f64180aa3
  Value:               0 ETH
  Gas used:            51670 of 51670
  Block #23:           0x0d7b157643dfd4b7b6db5b04ad0ec1ba4a270529f131ed233bb58edf8a9f5d02

[32meth_chainId[0m
[32meth_feeHistory[0m
[32meth_estimateGas[0m
[32meth_sendTransaction[0m
  Contract call:       MockPYUSD#mint
  Transaction:         0x8502f84d6700864807583c2bec37c70d3358d2e297c73643708877461f3db51e
  From:                0xf39fd6e51aad88f6f4ce6ab8827279cfffb92266
  To:                  0x5fbdb2315678afecb367f032d93f642f64180aa3
  Value:               0 ETH
  Gas used:            51670 of 51670
  Block #24:           0x1d3b5660e550f549ee8f1f80f93906c8eafe5ab16a5eaeaa896f4259683e170e

[32meth_chainId[0m
[32meth_feeHistory[0m
[32meth_estimateGas[0m
[32meth_sendTransaction[0m
  Contract call:       MockPYUSD#mint
  Transaction:         0xffa33ff8a3dc0a4996fd44bdb87c17a53d35b71fe2bc6be5a11cb1c9fb53b05b
  From:                0xf39fd6e51aad88f6f4ce6ab8827279cfffb92266
  To:                  0x5fbdb2315678afecb367f032d93f642f64180aa3
  Value:               0 ETH
  Gas used:            51670 of 51670
  Block #25:           0x303584c1ea13c2beeb7bced5200eabeaa0f394cf0a46383e993dd28ec47f7a03

[32meth_chainId[0m
[32meth_feeHistory[0m
[32meth_estimateGas[0m
[32meth_sendTransaction[0m
  Contract call:       MockPYUSD#mint
  Transaction:         0x5548104f31655023d9e06d529791163885b823a36686cbcd7bd26bb48879ec2f
  From:                0xf39fd6e51aad88f6f4ce6ab8827279cfffb92266
  To:                  0x5fbdb2315678afecb367f032d93f642f64180aa3
  Value:               0 ETH
  Gas used:            51670 of 51670
  Block #26:           0x109232d7db44726d505e1d87154012fc3714d9e0b0c5c8546ae5e02d7934a8cd

[32meth_chainId[0m
[32meth_feeHistory[0m
[32meth_estimateGas[0m
[32meth_sendTransaction[0m
  Contract call:       MockPYUSD#mint
  Transaction:         0x2b34df3fac43609a38e5b20fc3b55739c87ae48fe4a909425ee6f8353373b2ad
  From:                0xf39fd6e51aad88f6f4ce6ab8827279cfffb92266
  To:                  0x5fbdb2315678afecb367f032d93f642f64180aa3
  Value:               0 ETH
  Gas used:            51670 of 51670
  Block #27:           0x5f829ee8093b290a46736be843f806749a29e07157654efc7c3ca9cc34ced818

[32meth_chainId[0m
[32meth_feeHistory[0m
[32meth_estimateGas[0m
[32meth_sendTransaction[0m
  Contract call:       MockPYUSD#mint
  Transaction:         0xdaedea6bafa76d50bb30ded94a4b24e52fbc78899f58388a15ae8fc8b76c3e23
  From:                0xf39fd6e51aad88f6f4ce6ab8827279cfffb92266
  To:                  0x5fbdb2315678afecb367f032d93f642f64180aa3
  Value:               0 ETH
  Gas used:            51670 of 51670
  Block #28:           0xeb562bf3d3c6e5d4de9ab5b1960d10c4792e5b873e8bea8affe4d69f77ddd3c3

[32meth_accounts[0m
[32meth_call[0m
  Contract call:       LiquidityPool#getCurrentPrice
  From:                0xf39fd6e51aad88f6f4ce6ab8827279cfffb92266
  To:                  0xcf7ed3acca5a467e9e704c703e8d87f634fb0fc9

[32meth_call[0m
  Contract call:       LiquidityPool#calculateBuyAmount
  From:                0xf39fd6e51aad88f6f4ce6ab8827279cfffb92266
  To:                  0xcf7ed3acca5a467e9e704c703e8d87f634fb0fc9

[32meth_call[0m
  Contract call:       MockPYUSD#balanceOf
  From:                0xf39fd6e51aad88f6f4ce6ab8827279cfffb92266
  To:                  0x5fbdb2315678afecb367f032d93f642f64180aa3

[32meth_chainId[0m
[32meth_feeHistory[0m
[32meth_estimateGas[0m
[32meth_sendTransaction[0m
  Contract call:       MockPYUSD#approve
  Transaction:         0xaa43fdd487479a373ca0822b48cccc95663986247eaeea85e4fc1961d64f8749
  From:                0x2546bcd3c84621e976d8185a91a922ae77ecec30
  To:                  0x5fbdb2315678afecb367f032d93f642f64180aa3
  Value:               0 ETH
  Gas used:            46674 of 46674
  Block #29:           0x7d7819e5a2ebe48c6871f53881d6918821bf498e2da6bacc252fe93e0a69d0d1

[32meth_chainId[0m
[32meth_feeHistory[0m
[32meth_estimateGas[0m
[32meth_sendTransaction[0m
  Contract call:       ETHSimulator#buyETH
  Transaction:         0xe30abdb897a55cfbbef20b9b247ff19105c830135b05b59567e9939abaea0651
  From:                0x2546bcd3c84621e976d8185a91a922ae77ecec30
  To:                  0xdc64a140aa3e981100a9beca4e685f962f0cf6c9
  Value:               0 ETH
  Gas used:            119612 of 125218
  Block #30:           0xa2cf3005dda55611d89eb285b0a59f7c0ea8b10639ee39a1039a68ddcdb23bc6

[32meth_call[0m
  Contract call:       LiquidityPool#getCurrentPrice
  From:                0xf39fd6e51aad88f6f4ce6ab8827279cfffb92266
  To:                  0xcf7ed3acca5a467e9e704c703e8d87f634fb0fc9

[32meth_call[0m
  Contract call:       MockETH#balanceOf
  From:                0xf39fd6e51aad88f6f4ce6ab8827279cfffb92266
  To:                  0xe7f1725e7734ce288f8367e1bb143e90bb3f0512

[32meth_call[0m
  Contract call:       MockETH#balanceOf
  From:                0xf39fd6e51aad88f6f4ce6ab8827279cfffb92266
  To:                  0xe7f1725e7734ce288f8367e1bb143e90bb3f0512

[32meth_call[0m
  Contract call:       MockETH#balanceOf
  From:                0xf39fd6e51aad88f6f4ce6ab8827279cfffb92266
  To:                  0xe7f1725e7734ce288f8367e1bb143e90bb3f0512

[32meth_call[0m
  Contract call:       MockETH#balanceOf
  From:                0xf39fd6e51aad88f6f4ce6ab8827279cfffb92266
  To:                  0xe7f1725e7734ce288f8367e1bb143e90bb3f0512

[32meth_call[0m
  Contract call:       LiquidityPool#getCurrentPrice
  From:                0xf39fd6e51aad88f6f4ce6ab8827279cfffb92266
  To:                  0xcf7ed3acca5a467e9e704c703e8d87f634fb0fc9

[32meth_call[0m
  Contract call:       LiquidityPool#getPoolInfo
  From:                0xf39fd6e51aad88f6f4ce6ab8827279cfffb92266
  To:                  0xcf7ed3acca5a467e9e704c703e8d87f634fb0fc9

